<?xml version="1.0" encoding="UTF-8"?>
<testsuite name="IpfsBridgeTest[jvm]" tests="2" skipped="0" failures="0" errors="0" timestamp="2026-09-11T16:53:14.589Z" hostname="Mac.lan" time="0.003">
  <properties/>
  <testcase name="testIpfsBlocks()[jvm]" classname="borg.trikeshed.cas.IpfsBridgeTest" time="0.002"/>
  <testcase name="testIpnsResolution()[jvm]" classname="borg.trikeshed.cas.IpfsBridgeTest" time="0.001"/>
  <system-out><![CDATA[]]></system-out>
  <system-err><![CDATA[]]></system-err>
</testsuite>
