<?xml version="1.0" encoding="UTF-8"?>
<testsuite name="Libp2pProtocolTest[jvm]" tests="4" skipped="0" failures="0" errors="0" timestamp="2026-09-11T16:53:14.767Z" hostname="Mac.lan" time="0.008">
  <properties/>
  <testcase name="yamux_consumption_replenishes_window_and_reset_is_terminal()[jvm]" classname="borg.trikeshed.ipns.Libp2pProtocolTest" time="0.002"/>
  <testcase name="numeric_multiaddr_does_not_accept_mismatched_peer_or_other_transport()[jvm]" classname="borg.trikeshed.ipns.Libp2pProtocolTest" time="0.001"/>
  <testcase name="shutdown_notification_failure_still_closes_the_owned_transport()[jvm]" classname="borg.trikeshed.ipns.Libp2pProtocolTest" time="0.002"/>
  <testcase name="multistream_fragmentation_and_rejection()[jvm]" classname="borg.trikeshed.ipns.Libp2pProtocolTest" time="0.002"/>
  <system-out><![CDATA[]]></system-out>
  <system-err><![CDATA[]]></system-err>
</testsuite>
